{
  "stats": {
    "suites": 3,
    "tests": 16,
    "passes": 16,
    "pending": 0,
    "failures": 0,
    "start": "2021-10-25T17:42:50.069Z",
    "end": "2021-10-25T17:46:57.323Z",
    "duration": 247254,
    "testsRegistered": 16,
    "passPercent": 100,
    "pendingPercent": 0,
    "other": 0,
    "hasOther": false,
    "skipped": 0,
    "hasSkipped": false
  },
  "results": [
    {
      "uuid": "327d3380-9ef0-4a8a-a4b3-c5864b55a0c4",
      "title": "",
      "fullFile": "cypress/testsChapterV/Desafio-opcional-funcionalidades.spec.js",
      "file": "cypress/testsChapterV/Desafio-opcional-funcionalidades.spec.js",
      "beforeHooks": [],
      "afterHooks": [],
      "tests": [],
      "suites": [
        {
          "uuid": "244a2bbd-41b5-48cb-860d-29ebd6c75ad0",
          "title": "Verificando funcionalidade da pagina de registro",
          "fullFile": "",
          "file": "",
          "beforeHooks": [],
          "afterHooks": [],
          "tests": [
            {
              "title": "Criando um novo cadastro: com sucesso",
              "fullTitle": "Verificando funcionalidade da pagina de registro Criando um novo cadastro: com sucesso",
              "timedOut": null,
              "duration": 2083,
              "state": "passed",
              "speed": "slow",
              "pass": true,
              "fail": false,
              "pending": false,
              "context": null,
              "code": "cy.intercept({\n  method: 'POST',\n  path: '/api/users'\n}, {\n  statusCode: 200,\n  fixture: 'pages/register/cadastro-com-sucesso.json'\n}).as('postUsers');\n/* Acessar Link para registro */\ncy.visit('register');\n/* Digitar User Name */\ncy.get(_elements.default.MENU_LOGIN.inputUserName).type(_elements.default.DADOS.userName);\n/* Digitar Email */\ncy.get(_elements.default.MENU_LOGIN.inputEmail).type(_elements.default.DADOS.email);\n/* Digitar Senha */\ncy.get(_elements.default.MENU_LOGIN.inputPassword).type(_elements.default.DADOS.passWord);\n/* Submeter Registro */\ncy.get(_elements.default.MENU_LOGIN.buttonSubmit).click();",
              "err": {},
              "uuid": "723fab28-ebf5-41d6-a8c4-b743e7e582ed",
              "parentUUID": "244a2bbd-41b5-48cb-860d-29ebd6c75ad0",
              "isHook": false,
              "skipped": false
            },
            {
              "title": "Verificar mensagem de erro para: Email ja cadastrado",
              "fullTitle": "Verificando funcionalidade da pagina de registro Verificar mensagem de erro para: Email ja cadastrado",
              "timedOut": null,
              "duration": 1533,
              "state": "passed",
              "speed": "slow",
              "pass": true,
              "fail": false,
              "pending": false,
              "context": null,
              "code": "cy.intercept({\n  method: 'POST',\n  path: '/api/users'\n}, {\n  statusCode: 422,\n  fixture: 'pages/register/email-ja-cadastrado.json'\n}).as('postUsers');\n/* Acessar Link para registro */\ncy.visit('register');\n/* Digitar User Name */\ncy.get(_elements.default.MENU_LOGIN.inputUserName).type('UserName');\n/* Digitar Email */\ncy.get(_elements.default.MENU_LOGIN.inputEmail).type(_elements.default.DADOS.email);\n/* Digitar Senha */\ncy.get(_elements.default.MENU_LOGIN.inputPassword).type(_elements.default.DADOS.passWord);\n/* Submeter Registro */\ncy.get(_elements.default.MENU_LOGIN.buttonSubmit).click();\n/* Verificar mensagem de Erro */\ncy.get(_elements.default.MENU_LOGIN.msgError).contains('email has already been taken');",
              "err": {},
              "uuid": "7f378948-534d-4a99-9a89-7118f5930214",
              "parentUUID": "244a2bbd-41b5-48cb-860d-29ebd6c75ad0",
              "isHook": false,
              "skipped": false
            },
            {
              "title": "Verificar mensagem de erro para: Email e UserName ja cadastrado",
              "fullTitle": "Verificando funcionalidade da pagina de registro Verificar mensagem de erro para: Email e UserName ja cadastrado",
              "timedOut": null,
              "duration": 1394,
              "state": "passed",
              "speed": "slow",
              "pass": true,
              "fail": false,
              "pending": false,
              "context": null,
              "code": "cy.intercept({\n  method: 'POST',\n  path: '/api/users'\n}, {\n  statusCode: 422,\n  fixture: 'pages/register/email-username-ja-cadastrado.json'\n}).as('postUsers');\n/* Acessar Link para registro */\ncy.visit('register');\n/* Digitar User Name */\ncy.get(_elements.default.MENU_LOGIN.inputUserName).type(_elements.default.DADOS.userName);\n/* Digitar Email */\ncy.get(_elements.default.MENU_LOGIN.inputEmail).type(_elements.default.DADOS.email);\n/* Digitar Senha */\ncy.get(_elements.default.MENU_LOGIN.inputPassword).type(_elements.default.DADOS.passWord);\n/* Submeter Registro */\ncy.get(_elements.default.MENU_LOGIN.buttonSubmit).click();\n/* Verificar mensagem de Erro */\ncy.get(_elements.default.MENU_LOGIN.msgError).invoke('text').then($error => {\n  const erros = [];\n  erros.push($error);\n  cy.log(erros);\n  cy.contains('email has already been taken username has already been taken');\n});\n/* Verificar mensagem de Erro */\ncy.contains('email has already been taken');\ncy.contains('username has already been taken');",
              "err": {},
              "uuid": "035c3dc0-65f8-4daf-87dd-201c9bf6d39c",
              "parentUUID": "244a2bbd-41b5-48cb-860d-29ebd6c75ad0",
              "isHook": false,
              "skipped": false
            },
            {
              "title": "Verificar mensagem de erro para: Artigo ja existente",
              "fullTitle": "Verificando funcionalidade da pagina de registro Verificar mensagem de erro para: Artigo ja existente",
              "timedOut": null,
              "duration": 3206,
              "state": "passed",
              "speed": "slow",
              "pass": true,
              "fail": false,
              "pending": false,
              "context": null,
              "code": "cy.login();\ncy.intercept({\n  method: 'POST',\n  url: 'https://api.realworld.io/api/articles'\n}, {\n  statusCode: 422,\n  fixture: 'pages/editor/artigo-ja-existe.json'\n}).as('postUsersExist');\ncy.visit('editor/');\ncy.get(_elements.default.MENU_ARTICLE.inputTitle).type('Artigo Ja existe');\ncy.get(_elements.default.MENU_ARTICLE.inputDescription).type('Testa artigo existente');\ncy.get(_elements.default.MENU_ARTICLE.inputBody).type('Artigos ja registrado');\ncy.get(_elements.default.MENU_ARTICLE.inputTag).type('#ArtigoJaExiste');\n_editor.default.submeterArtigo();\n/* Verificar mensagem de Erro */\n\ncy.get(_elements.default.MENU_LOGIN.msgError).contains(\"title must be unique\");",
              "err": {},
              "uuid": "eae7617b-12c6-4b7e-baaf-c69519891f4a",
              "parentUUID": "244a2bbd-41b5-48cb-860d-29ebd6c75ad0",
              "isHook": false,
              "skipped": false
            },
            {
              "title": "Verificar mensagem de erro para: Email não informado",
              "fullTitle": "Verificando funcionalidade da pagina de registro Verificar mensagem de erro para: Email não informado",
              "timedOut": null,
              "duration": 984,
              "state": "passed",
              "speed": "slow",
              "pass": true,
              "fail": false,
              "pending": false,
              "context": null,
              "code": "cy.intercept({\n  method: 'POST',\n  path: '/api/users'\n}, {\n  statusCode: 422,\n  fixture: 'pages/login/email-nao-informado.json'\n}).as('postUsers');\n/* Acessar Link para registro */\ncy.visit('register');\n/* Digitar User Name */\ncy.get(_elements.default.MENU_LOGIN.inputUserName).type(_elements.default.DADOS.userName);\n/* Digitar Senha */\ncy.get(_elements.default.MENU_LOGIN.inputPassword).type(_elements.default.DADOS.passWord);\n/* Submeter Registro */\ncy.get(_elements.default.MENU_LOGIN.buttonSubmit).click();\n/* Verificar mensagem de Erro */\ncy.get(_elements.default.MENU_LOGIN.msgError).contains(\"email can't be blank\");",
              "err": {},
              "uuid": "7a56d445-59c9-4d12-9f8e-65ce1b637a84",
              "parentUUID": "244a2bbd-41b5-48cb-860d-29ebd6c75ad0",
              "isHook": false,
              "skipped": false
            },
            {
              "title": "Verificar mensagem de erro para: UserName não informado",
              "fullTitle": "Verificando funcionalidade da pagina de registro Verificar mensagem de erro para: UserName não informado",
              "timedOut": null,
              "duration": 1013,
              "state": "passed",
              "speed": "slow",
              "pass": true,
              "fail": false,
              "pending": false,
              "context": null,
              "code": "cy.intercept({\n  method: 'POST',\n  path: '/api/users'\n}, {\n  statusCode: 422,\n  fixture: 'pages/register/username-nao-informado.json'\n}).as('postUsers');\n/* Acessar Link para registro */\ncy.visit('register');\n/* Digitar Email */\ncy.get(_elements.default.MENU_LOGIN.inputEmail).type(_elements.default.DADOS.email);\n/* Digitar Senha */\ncy.get(_elements.default.MENU_LOGIN.inputPassword).type(_elements.default.DADOS.passWord);\n/* Submeter Registro */\ncy.get(_elements.default.MENU_LOGIN.buttonSubmit).click();\n/* Verificar mensagem de Erro */\ncy.get(_elements.default.MENU_LOGIN.msgError).contains(\"username can't be blank\");",
              "err": {},
              "uuid": "c28e100c-fa4c-4090-a819-6a3250c82cfc",
              "parentUUID": "244a2bbd-41b5-48cb-860d-29ebd6c75ad0",
              "isHook": false,
              "skipped": false
            }
          ],
          "suites": [],
          "passes": [
            "723fab28-ebf5-41d6-a8c4-b743e7e582ed",
            "7f378948-534d-4a99-9a89-7118f5930214",
            "035c3dc0-65f8-4daf-87dd-201c9bf6d39c",
            "eae7617b-12c6-4b7e-baaf-c69519891f4a",
            "7a56d445-59c9-4d12-9f8e-65ce1b637a84",
            "c28e100c-fa4c-4090-a819-6a3250c82cfc"
          ],
          "failures": [],
          "pending": [],
          "skipped": [],
          "duration": 10213,
          "root": false,
          "rootEmpty": false,
          "_timeout": 2000
        },
        {
          "uuid": "afe820d6-2b54-45d7-b761-bd7ff9f7fe83",
          "title": "Testando funcionalidades de registro de artigos",
          "fullFile": "",
          "file": "",
          "beforeHooks": [],
          "afterHooks": [],
          "tests": [
            {
              "title": "Criando um novo artigo: Verificar se o nome do artigo esta visivel.",
              "fullTitle": "Testando funcionalidades de registro de artigos Criando um novo artigo: Verificar se o nome do artigo esta visivel.",
              "timedOut": null,
              "duration": 4459,
              "state": "passed",
              "speed": "slow",
              "pass": true,
              "fail": false,
              "pending": false,
              "context": null,
              "code": "_editor.default.verificarUsuario();\n_editor.default.criandoNovoArtigo();",
              "err": {},
              "uuid": "ee749bf2-9547-4260-9419-5dc1ab9db543",
              "parentUUID": "afe820d6-2b54-45d7-b761-bd7ff9f7fe83",
              "isHook": false,
              "skipped": false
            },
            {
              "title": "Criando um novo artigo: Testar a ação de deletar artigo.",
              "fullTitle": "Testando funcionalidades de registro de artigos Criando um novo artigo: Testar a ação de deletar artigo.",
              "timedOut": null,
              "duration": 3894,
              "state": "passed",
              "speed": "slow",
              "pass": true,
              "fail": false,
              "pending": false,
              "context": null,
              "code": "cy.get(_elements.default.MENU_ARTICLE.inputTitle).type('DeletandoArtigo');\ncy.get(_elements.default.MENU_ARTICLE.inputDescription).type('DeletandoArtigo');\ncy.get(_elements.default.MENU_ARTICLE.inputBody).type('Este arquivo é um para testar button delete');\ncy.get(_elements.default.MENU_ARTICLE.inputTag).type('#DeletarArtigo');\n_editor.default.submeterArtigo();\ncy.get('h1.ng-binding').contains('DeletandoArtigo');\n_editor.default.buttonDeletarArtigo();\n/* \ntestar função de titulo em branco cy.get('li[class=\"ng-binding ng-scope\"]').contains('')\n*/",
              "err": {},
              "uuid": "9527541a-5023-48fe-a382-54a2d2f85912",
              "parentUUID": "afe820d6-2b54-45d7-b761-bd7ff9f7fe83",
              "isHook": false,
              "skipped": false
            },
            {
              "title": "Criando um novo artigo: Testar mensagem de erro caso não tenha preenchido Titulo do artigo.",
              "fullTitle": "Testando funcionalidades de registro de artigos Criando um novo artigo: Testar mensagem de erro caso não tenha preenchido Titulo do artigo.",
              "timedOut": null,
              "duration": 3167,
              "state": "passed",
              "speed": "slow",
              "pass": true,
              "fail": false,
              "pending": false,
              "context": null,
              "code": "cy.get(_elements.default.MENU_ARTICLE.inputDescription).type('Somente descrição do Artigo');\ncy.get(_elements.default.MENU_ARTICLE.inputBody).type('Este artigo esta em Titulo para testar msg de erro');\ncy.get(_elements.default.MENU_ARTICLE.inputTag).type('#ArtigoSemTitulo');\n_editor.default.submeterArtigo();\ncy.get('li[class=\"ng-binding ng-scope\"]').contains(\"title can't be blank\");",
              "err": {},
              "uuid": "0e086029-e57d-4e82-ae07-32aa7248708c",
              "parentUUID": "afe820d6-2b54-45d7-b761-bd7ff9f7fe83",
              "isHook": false,
              "skipped": false
            },
            {
              "title": "Criando um novo artigo: Testar mensagem de erro caso não tenha preenchido Descrição do artigo.",
              "fullTitle": "Testando funcionalidades de registro de artigos Criando um novo artigo: Testar mensagem de erro caso não tenha preenchido Descrição do artigo.",
              "timedOut": null,
              "duration": 3002,
              "state": "passed",
              "speed": "slow",
              "pass": true,
              "fail": false,
              "pending": false,
              "context": null,
              "code": "cy.get(_elements.default.MENU_ARTICLE.inputTitle).type('Somente titulo do artigo');\ncy.get(_elements.default.MENU_ARTICLE.inputBody).type('Este artigo esta em Descrição para testar msg de erro');\ncy.get(_elements.default.MENU_ARTICLE.inputTag).type('#ArtigoSemTitulo');\n_editor.default.submeterArtigo();\ncy.get('li[class=\"ng-binding ng-scope\"]').contains(\"description can't be blank\");",
              "err": {},
              "uuid": "fd9dc1f4-239f-49da-8f4f-8e56e630bbb2",
              "parentUUID": "afe820d6-2b54-45d7-b761-bd7ff9f7fe83",
              "isHook": false,
              "skipped": false
            },
            {
              "title": "Criando um novo artigo: Testar mensagem de erro caso não tenha preenchido o corpo do artigo.",
              "fullTitle": "Testando funcionalidades de registro de artigos Criando um novo artigo: Testar mensagem de erro caso não tenha preenchido o corpo do artigo.",
              "timedOut": null,
              "duration": 2841,
              "state": "passed",
              "speed": "slow",
              "pass": true,
              "fail": false,
              "pending": false,
              "context": null,
              "code": "cy.get(_elements.default.MENU_ARTICLE.inputTitle).type('Somente titulo do artigo');\ncy.get(_elements.default.MENU_ARTICLE.inputDescription).type('Somente descrição do Artigo');\ncy.get(_elements.default.MENU_ARTICLE.inputTag).type('#ArtigoSemBody');\n_editor.default.submeterArtigo();\ncy.get('li[class=\"ng-binding ng-scope\"]').contains(\"body can't be blank\");",
              "err": {},
              "uuid": "09824c9d-60fa-4a2f-941a-112231a211d7",
              "parentUUID": "afe820d6-2b54-45d7-b761-bd7ff9f7fe83",
              "isHook": false,
              "skipped": false
            },
            {
              "title": "Criando um novo artigo: Testando ação de editar artigo após criar.",
              "fullTitle": "Testando funcionalidades de registro de artigos Criando um novo artigo: Testando ação de editar artigo após criar.",
              "timedOut": null,
              "duration": 7494,
              "state": "passed",
              "speed": "slow",
              "pass": true,
              "fail": false,
              "pending": false,
              "context": null,
              "code": "_editor.default.verificarUsuario();\n_editor.default.criandoNovoArtigo();\n_editor.default.buttonEditarArtigo();\n_editor.default.criandoNovoArtigoEditado();",
              "err": {},
              "uuid": "127dd7ac-2d48-4530-829b-b516bceeb357",
              "parentUUID": "afe820d6-2b54-45d7-b761-bd7ff9f7fe83",
              "isHook": false,
              "skipped": false
            }
          ],
          "suites": [],
          "passes": [
            "ee749bf2-9547-4260-9419-5dc1ab9db543",
            "9527541a-5023-48fe-a382-54a2d2f85912",
            "0e086029-e57d-4e82-ae07-32aa7248708c",
            "fd9dc1f4-239f-49da-8f4f-8e56e630bbb2",
            "09824c9d-60fa-4a2f-941a-112231a211d7",
            "127dd7ac-2d48-4530-829b-b516bceeb357"
          ],
          "failures": [],
          "pending": [],
          "skipped": [],
          "duration": 24857,
          "root": false,
          "rootEmpty": false,
          "_timeout": 2000
        },
        {
          "uuid": "ec89aaf5-95b8-42e1-aeb2-33d1467687f0",
          "title": "Testando a pagina GlobalFeed, curtir e deletar artigos.",
          "fullFile": "",
          "file": "",
          "beforeHooks": [],
          "afterHooks": [],
          "tests": [
            {
              "title": "Testando a função curtir artigo: Criar 10 Artigos novos para o teste",
              "fullTitle": "Testando a pagina GlobalFeed, curtir e deletar artigos. Testando a função curtir artigo: Criar 10 Artigos novos para o teste",
              "timedOut": null,
              "duration": 84200,
              "state": "passed",
              "speed": "slow",
              "pass": true,
              "fail": false,
              "pending": false,
              "context": null,
              "code": "_editor.default.loopCriacaoDeArtigos(10);",
              "err": {},
              "uuid": "5f4f77d6-2a24-4044-9404-611dc9ce9b4c",
              "parentUUID": "ec89aaf5-95b8-42e1-aeb2-33d1467687f0",
              "isHook": false,
              "skipped": false
            },
            {
              "title": "Testando a função curtir artigo: Deve curtir todos os posts verificando todas as paginas de artigos.",
              "fullTitle": "Testando a pagina GlobalFeed, curtir e deletar artigos. Testando a função curtir artigo: Deve curtir todos os posts verificando todas as paginas de artigos.",
              "timedOut": null,
              "duration": 63446,
              "state": "passed",
              "speed": "slow",
              "pass": true,
              "fail": false,
              "pending": false,
              "context": null,
              "code": "/* Aplicando like em todos os artigos */\n_paginaArtigos.default.acessarPaginasDeArtigos(_elements.default.MENU_ARTICLE.cliqueLike);",
              "err": {},
              "uuid": "b2860b6f-3d8e-4ad5-b515-a845680e992e",
              "parentUUID": "ec89aaf5-95b8-42e1-aeb2-33d1467687f0",
              "isHook": false,
              "skipped": false
            },
            {
              "title": "Testando a função curtir artigo: Deve retirar o like de todos os posts verificando todas as paginas de artigos.",
              "fullTitle": "Testando a pagina GlobalFeed, curtir e deletar artigos. Testando a função curtir artigo: Deve retirar o like de todos os posts verificando todas as paginas de artigos.",
              "timedOut": null,
              "duration": 61989,
              "state": "passed",
              "speed": "slow",
              "pass": true,
              "fail": false,
              "pending": false,
              "context": null,
              "code": "/* Aplicando DesLike em todos os artigos */\n_paginaArtigos.default.acessarPaginasDeArtigos(_elements.default.MENU_ARTICLE.cliqueDeslike);",
              "err": {},
              "uuid": "ea34c37b-3e48-415a-bb50-1d0518993497",
              "parentUUID": "ec89aaf5-95b8-42e1-aeb2-33d1467687f0",
              "isHook": false,
              "skipped": false
            },
            {
              "title": "Deletar todos os artigos criados para o teste",
              "fullTitle": "Testando a pagina GlobalFeed, curtir e deletar artigos. Deletar todos os artigos criados para o teste",
              "timedOut": null,
              "duration": 1731,
              "state": "passed",
              "speed": "slow",
              "pass": true,
              "fail": false,
              "pending": false,
              "context": null,
              "code": "_editor.default.deletarTodosOsArtigos();",
              "err": {},
              "uuid": "ee79e551-cac9-4628-8dd1-0c97197b8ec8",
              "parentUUID": "ec89aaf5-95b8-42e1-aeb2-33d1467687f0",
              "isHook": false,
              "skipped": false
            }
          ],
          "suites": [],
          "passes": [
            "5f4f77d6-2a24-4044-9404-611dc9ce9b4c",
            "b2860b6f-3d8e-4ad5-b515-a845680e992e",
            "ea34c37b-3e48-415a-bb50-1d0518993497",
            "ee79e551-cac9-4628-8dd1-0c97197b8ec8"
          ],
          "failures": [],
          "pending": [],
          "skipped": [],
          "duration": 211366,
          "root": false,
          "rootEmpty": false,
          "_timeout": 2000
        }
      ],
      "passes": [],
      "failures": [],
      "pending": [],
      "skipped": [],
      "duration": 0,
      "root": true,
      "rootEmpty": true,
      "_timeout": 2000
    }
  ],
  "meta": {
    "mocha": {
      "version": "7.0.1"
    },
    "mochawesome": {
      "options": {
        "quiet": true,
        "reportFilename": "mochawesome",
        "saveHtml": false,
        "saveJson": true,
        "consoleReporter": "spec",
        "useInlineDiffs": false,
        "code": true
      },
      "version": "6.3.1"
    },
    "marge": {
      "options": {
        "id": "default",
        "reportDir": "mochawesome-report",
        "quiet": true,
        "overwrite": false,
        "html": false,
        "json": true
      },
      "version": "5.2.0"
    }
  }
}