{
  "stats": {
    "suites": 1,
    "tests": 2,
    "passes": 2,
    "pending": 0,
    "failures": 0,
    "start": "2021-10-25T17:42:43.629Z",
    "end": "2021-10-25T17:42:46.573Z",
    "duration": 2944,
    "testsRegistered": 2,
    "passPercent": 100,
    "pendingPercent": 0,
    "other": 0,
    "hasOther": false,
    "skipped": 0,
    "hasSkipped": false
  },
  "results": [
    {
      "uuid": "dad5044d-59ad-4c87-a1ba-c764fc1ee7f2",
      "title": "",
      "fullFile": "cypress/testsChapterV/Desafio-funcionalidade-login.spec.js",
      "file": "cypress/testsChapterV/Desafio-funcionalidade-login.spec.js",
      "beforeHooks": [],
      "afterHooks": [],
      "tests": [],
      "suites": [
        {
          "uuid": "a0c80c57-4f3f-4646-8906-263f8f5b1fff",
          "title": "Verificando funcionalidade da pagina de login",
          "fullFile": "",
          "file": "",
          "beforeHooks": [],
          "afterHooks": [],
          "tests": [
            {
              "title": "Verificar mensagem de erro para: e-mail ou senha incorreto",
              "fullTitle": "Verificando funcionalidade da pagina de login Verificar mensagem de erro para: e-mail ou senha incorreto",
              "timedOut": null,
              "duration": 2165,
              "state": "passed",
              "speed": "slow",
              "pass": true,
              "fail": false,
              "pending": false,
              "context": null,
              "code": "cy.intercept({\n  method: 'POST',\n  path: '/api/users/login'\n}, {\n  statusCode: 403,\n  fixture: 'pages/login/senha-email-incorretos.json'\n}).as('postUsersLogin');\n/* Acessar Link para login */\ncy.visit('login');\n/* Digitar Email */\ncy.get(_elements.default.MENU_LOGIN.inputEmail).type('emailErrado@gmail.com');\n/* Digitar Senha */\ncy.get(_elements.default.MENU_LOGIN.inputPassword).type('senhaErrada');\n/* Submeter login */\ncy.get(_elements.default.MENU_LOGIN.buttonSubmit).click();\n/* Verificar mensagem de Erro */\ncy.get(_elements.default.MENU_LOGIN.msgError).contains('email or password is invalid');",
              "err": {},
              "uuid": "6e9b62bc-0097-4646-b441-56462efa9045",
              "parentUUID": "a0c80c57-4f3f-4646-8906-263f8f5b1fff",
              "isHook": false,
              "skipped": false
            },
            {
              "title": "Verificar mensagem de erro para: e-mail não informado",
              "fullTitle": "Verificando funcionalidade da pagina de login Verificar mensagem de erro para: e-mail não informado",
              "timedOut": null,
              "duration": 721,
              "state": "passed",
              "speed": "slow",
              "pass": true,
              "fail": false,
              "pending": false,
              "context": null,
              "code": "cy.intercept({\n  method: 'POST',\n  path: '/api/users/login'\n}, {\n  statusCode: 422,\n  fixture: 'pages/login/email-nao-informado.json'\n}).as('postUsersLogin');\n/* Acessar Link para login */\ncy.visit('login');\n/* Digitar Senha */\ncy.get(_elements.default.MENU_LOGIN.inputPassword).type('senhaErrada');\n/* Submeter login */\ncy.get(_elements.default.MENU_LOGIN.buttonSubmit).click();\n/* Verificar mensagem de Erro */\ncy.get(_elements.default.MENU_LOGIN.msgError).contains(\"email can't be blank\");",
              "err": {},
              "uuid": "921bbab7-4b51-451f-9141-5cf24adb0628",
              "parentUUID": "a0c80c57-4f3f-4646-8906-263f8f5b1fff",
              "isHook": false,
              "skipped": false
            }
          ],
          "suites": [],
          "passes": [
            "6e9b62bc-0097-4646-b441-56462efa9045",
            "921bbab7-4b51-451f-9141-5cf24adb0628"
          ],
          "failures": [],
          "pending": [],
          "skipped": [],
          "duration": 2886,
          "root": false,
          "rootEmpty": false,
          "_timeout": 2000
        }
      ],
      "passes": [],
      "failures": [],
      "pending": [],
      "skipped": [],
      "duration": 0,
      "root": true,
      "rootEmpty": true,
      "_timeout": 2000
    }
  ],
  "meta": {
    "mocha": {
      "version": "7.0.1"
    },
    "mochawesome": {
      "options": {
        "quiet": true,
        "reportFilename": "mochawesome",
        "saveHtml": false,
        "saveJson": true,
        "consoleReporter": "spec",
        "useInlineDiffs": false,
        "code": true
      },
      "version": "6.3.1"
    },
    "marge": {
      "options": {
        "id": "default",
        "reportDir": "mochawesome-report",
        "quiet": true,
        "overwrite": false,
        "html": false,
        "json": true
      },
      "version": "5.2.0"
    }
  }
}