{
  "stats": {
    "suites": 3,
    "tests": 16,
    "passes": 15,
    "pending": 0,
    "failures": 1,
    "start": "2021-10-25T11:08:04.091Z",
    "end": "2021-10-25T11:25:50.122Z",
    "duration": 1066031,
    "testsRegistered": 16,
    "passPercent": 93.75,
    "pendingPercent": 0,
    "other": 0,
    "hasOther": false,
    "skipped": 0,
    "hasSkipped": false
  },
  "results": [
    {
      "uuid": "990fbe85-ce34-4c09-b5f6-bb322da546c1",
      "title": "",
      "fullFile": "cypress/testsChapterV/Desafio-opcional-funcionalidades.spec.js",
      "file": "cypress/testsChapterV/Desafio-opcional-funcionalidades.spec.js",
      "beforeHooks": [],
      "afterHooks": [],
      "tests": [],
      "suites": [
        {
          "uuid": "791c83e2-4d63-416f-95fc-500c5c9658b7",
          "title": "Verificando funcionalidade da pagina de registro",
          "fullFile": "",
          "file": "",
          "beforeHooks": [],
          "afterHooks": [],
          "tests": [
            {
              "title": "Criando um novo cadastro: com sucesso",
              "fullTitle": "Verificando funcionalidade da pagina de registro Criando um novo cadastro: com sucesso",
              "timedOut": null,
              "duration": 2370,
              "state": "passed",
              "speed": "slow",
              "pass": true,
              "fail": false,
              "pending": false,
              "context": null,
              "code": "cy.intercept({\n  method: 'POST',\n  path: '/api/users'\n}, {\n  statusCode: 200,\n  fixture: 'pages/register/cadastro-com-sucesso.json'\n}).as('postUsers');\n/* Acessar Link para registro */\ncy.visit('register');\n/* Digitar User Name */\ncy.get(_elements.default.MENU_LOGIN.inputUserName).type(_elements.default.DADOS.userName);\n/* Digitar Email */\ncy.get(_elements.default.MENU_LOGIN.inputEmail).type(_elements.default.DADOS.email);\n/* Digitar Senha */\ncy.get(_elements.default.MENU_LOGIN.inputPassword).type(_elements.default.DADOS.passWord);\n/* Submeter Registro */\ncy.get(_elements.default.MENU_LOGIN.buttonSubmit).click();",
              "err": {},
              "uuid": "232bc9d8-e507-4f97-926f-872d3908534f",
              "parentUUID": "791c83e2-4d63-416f-95fc-500c5c9658b7",
              "isHook": false,
              "skipped": false
            },
            {
              "title": "Verificar mensagem de erro para: Email ja cadastrado",
              "fullTitle": "Verificando funcionalidade da pagina de registro Verificar mensagem de erro para: Email ja cadastrado",
              "timedOut": null,
              "duration": 1803,
              "state": "passed",
              "speed": "slow",
              "pass": true,
              "fail": false,
              "pending": false,
              "context": null,
              "code": "cy.intercept({\n  method: 'POST',\n  path: '/api/users'\n}, {\n  statusCode: 422,\n  fixture: 'pages/register/email-ja-cadastrado.json'\n}).as('postUsers');\n/* Acessar Link para registro */\ncy.visit('register');\n/* Digitar User Name */\ncy.get(_elements.default.MENU_LOGIN.inputUserName).type('UserName');\n/* Digitar Email */\ncy.get(_elements.default.MENU_LOGIN.inputEmail).type(_elements.default.DADOS.email);\n/* Digitar Senha */\ncy.get(_elements.default.MENU_LOGIN.inputPassword).type(_elements.default.DADOS.passWord);\n/* Submeter Registro */\ncy.get(_elements.default.MENU_LOGIN.buttonSubmit).click();\n/* Verificar mensagem de Erro */\ncy.get(_elements.default.MENU_LOGIN.msgError).contains('email has already been taken');",
              "err": {},
              "uuid": "60abed8d-a993-4e49-830c-abee64c843c7",
              "parentUUID": "791c83e2-4d63-416f-95fc-500c5c9658b7",
              "isHook": false,
              "skipped": false
            },
            {
              "title": "Verificar mensagem de erro para: Email e UserName ja cadastrado",
              "fullTitle": "Verificando funcionalidade da pagina de registro Verificar mensagem de erro para: Email e UserName ja cadastrado",
              "timedOut": null,
              "duration": 1629,
              "state": "passed",
              "speed": "slow",
              "pass": true,
              "fail": false,
              "pending": false,
              "context": null,
              "code": "cy.intercept({\n  method: 'POST',\n  path: '/api/users'\n}, {\n  statusCode: 422,\n  fixture: 'pages/register/email-username-ja-cadastrado.json'\n}).as('postUsers');\n/* Acessar Link para registro */\ncy.visit('register');\n/* Digitar User Name */\ncy.get(_elements.default.MENU_LOGIN.inputUserName).type(_elements.default.DADOS.userName);\n/* Digitar Email */\ncy.get(_elements.default.MENU_LOGIN.inputEmail).type(_elements.default.DADOS.email);\n/* Digitar Senha */\ncy.get(_elements.default.MENU_LOGIN.inputPassword).type(_elements.default.DADOS.passWord);\n/* Submeter Registro */\ncy.get(_elements.default.MENU_LOGIN.buttonSubmit).click();\n/* Verificar mensagem de Erro */\ncy.get(_elements.default.MENU_LOGIN.msgError).invoke('text').then($error => {\n  const erros = [];\n  erros.push($error);\n  cy.log(erros);\n  cy.contains('email has already been taken username has already been taken');\n});\n/* Verificar mensagem de Erro */\ncy.contains('email has already been taken');\ncy.contains('username has already been taken');",
              "err": {},
              "uuid": "0be6eb41-75bf-4807-9077-3efd1cdf4645",
              "parentUUID": "791c83e2-4d63-416f-95fc-500c5c9658b7",
              "isHook": false,
              "skipped": false
            },
            {
              "title": "Verificar mensagem de erro para: Artigo ja existente",
              "fullTitle": "Verificando funcionalidade da pagina de registro Verificar mensagem de erro para: Artigo ja existente",
              "timedOut": null,
              "duration": 3189,
              "state": "passed",
              "speed": "slow",
              "pass": true,
              "fail": false,
              "pending": false,
              "context": null,
              "code": "cy.login();\ncy.intercept({\n  method: 'POST',\n  url: 'https://api.realworld.io/api/articles'\n}, {\n  statusCode: 422,\n  fixture: 'pages/editor/artigo-ja-existe.json'\n}).as('postUsersExist');\ncy.visit('editor/');\ncy.get(_elements.default.MENU_ARTICLE.inputTitle).type('Artigo Ja existe');\ncy.get(_elements.default.MENU_ARTICLE.inputDescription).type('Testa artigo existente');\ncy.get(_elements.default.MENU_ARTICLE.inputBody).type('Artigos ja registrado');\ncy.get(_elements.default.MENU_ARTICLE.inputTag).type('#ArtigoJaExiste');\n_editor.default.submeterArtigo();\n/* Verificar mensagem de Erro */\n\ncy.get(_elements.default.MENU_LOGIN.msgError).contains(\"title must be unique\");",
              "err": {},
              "uuid": "a0e8b8c0-3832-47e6-a4d3-07b26be89de8",
              "parentUUID": "791c83e2-4d63-416f-95fc-500c5c9658b7",
              "isHook": false,
              "skipped": false
            },
            {
              "title": "Verificar mensagem de erro para: Email não informado",
              "fullTitle": "Verificando funcionalidade da pagina de registro Verificar mensagem de erro para: Email não informado",
              "timedOut": null,
              "duration": 983,
              "state": "passed",
              "speed": "slow",
              "pass": true,
              "fail": false,
              "pending": false,
              "context": null,
              "code": "cy.intercept({\n  method: 'POST',\n  path: '/api/users'\n}, {\n  statusCode: 422,\n  fixture: 'pages/login/email-nao-informado.json'\n}).as('postUsers');\n/* Acessar Link para registro */\ncy.visit('register');\n/* Digitar User Name */\ncy.get(_elements.default.MENU_LOGIN.inputUserName).type(_elements.default.DADOS.userName);\n/* Digitar Senha */\ncy.get(_elements.default.MENU_LOGIN.inputPassword).type(_elements.default.DADOS.passWord);\n/* Submeter Registro */\ncy.get(_elements.default.MENU_LOGIN.buttonSubmit).click();\n/* Verificar mensagem de Erro */\ncy.get(_elements.default.MENU_LOGIN.msgError).contains(\"email can't be blank\");",
              "err": {},
              "uuid": "a6ed1591-94c1-4ec9-a741-4fca19b34695",
              "parentUUID": "791c83e2-4d63-416f-95fc-500c5c9658b7",
              "isHook": false,
              "skipped": false
            },
            {
              "title": "Verificar mensagem de erro para: UserName não informado",
              "fullTitle": "Verificando funcionalidade da pagina de registro Verificar mensagem de erro para: UserName não informado",
              "timedOut": null,
              "duration": 1114,
              "state": "passed",
              "speed": "slow",
              "pass": true,
              "fail": false,
              "pending": false,
              "context": null,
              "code": "cy.intercept({\n  method: 'POST',\n  path: '/api/users'\n}, {\n  statusCode: 422,\n  fixture: 'pages/register/username-nao-informado.json'\n}).as('postUsers');\n/* Acessar Link para registro */\ncy.visit('register');\n/* Digitar Email */\ncy.get(_elements.default.MENU_LOGIN.inputEmail).type(_elements.default.DADOS.email);\n/* Digitar Senha */\ncy.get(_elements.default.MENU_LOGIN.inputPassword).type(_elements.default.DADOS.passWord);\n/* Submeter Registro */\ncy.get(_elements.default.MENU_LOGIN.buttonSubmit).click();\n/* Verificar mensagem de Erro */\ncy.get(_elements.default.MENU_LOGIN.msgError).contains(\"username can't be blank\");",
              "err": {},
              "uuid": "a53ffe5c-bc23-4ba7-96d6-ef4288a2766e",
              "parentUUID": "791c83e2-4d63-416f-95fc-500c5c9658b7",
              "isHook": false,
              "skipped": false
            }
          ],
          "suites": [],
          "passes": [
            "232bc9d8-e507-4f97-926f-872d3908534f",
            "60abed8d-a993-4e49-830c-abee64c843c7",
            "0be6eb41-75bf-4807-9077-3efd1cdf4645",
            "a0e8b8c0-3832-47e6-a4d3-07b26be89de8",
            "a6ed1591-94c1-4ec9-a741-4fca19b34695",
            "a53ffe5c-bc23-4ba7-96d6-ef4288a2766e"
          ],
          "failures": [],
          "pending": [],
          "skipped": [],
          "duration": 11088,
          "root": false,
          "rootEmpty": false,
          "_timeout": 2000
        },
        {
          "uuid": "732aacd5-80b0-4ef7-8b7d-8215531ca4ab",
          "title": "Testando funcionalidades de registro de artigos",
          "fullFile": "",
          "file": "",
          "beforeHooks": [],
          "afterHooks": [],
          "tests": [
            {
              "title": "Criando um novo artigo: Verificar se o nome do artigo esta visivel.",
              "fullTitle": "Testando funcionalidades de registro de artigos Criando um novo artigo: Verificar se o nome do artigo esta visivel.",
              "timedOut": null,
              "duration": 4669,
              "state": "passed",
              "speed": "slow",
              "pass": true,
              "fail": false,
              "pending": false,
              "context": null,
              "code": "_editor.default.verificarUsuario();\n_editor.default.criandoNovoArtigo();",
              "err": {},
              "uuid": "1aa69b3b-74a0-4a4c-a52a-06e33275a917",
              "parentUUID": "732aacd5-80b0-4ef7-8b7d-8215531ca4ab",
              "isHook": false,
              "skipped": false
            },
            {
              "title": "Criando um novo artigo: Testar a ação de deletar artigo.",
              "fullTitle": "Testando funcionalidades de registro de artigos Criando um novo artigo: Testar a ação de deletar artigo.",
              "timedOut": null,
              "duration": 3972,
              "state": "passed",
              "speed": "slow",
              "pass": true,
              "fail": false,
              "pending": false,
              "context": null,
              "code": "cy.get(_elements.default.MENU_ARTICLE.inputTitle).type('DeletandoArtigo');\ncy.get(_elements.default.MENU_ARTICLE.inputDescription).type('DeletandoArtigo');\ncy.get(_elements.default.MENU_ARTICLE.inputBody).type('Este arquivo é um para testar button delete');\ncy.get(_elements.default.MENU_ARTICLE.inputTag).type('#DeletarArtigo');\n_editor.default.submeterArtigo();\ncy.get('h1.ng-binding').contains('DeletandoArtigo');\n_editor.default.buttonDeletarArtigo();\n/* \ntestar função de titulo em branco cy.get('li[class=\"ng-binding ng-scope\"]').contains('')\n*/",
              "err": {},
              "uuid": "e7103289-32c6-473d-aca8-39be1d9ccc09",
              "parentUUID": "732aacd5-80b0-4ef7-8b7d-8215531ca4ab",
              "isHook": false,
              "skipped": false
            },
            {
              "title": "Criando um novo artigo: Testar mensagem de erro caso não tenha preenchido Titulo do artigo.",
              "fullTitle": "Testando funcionalidades de registro de artigos Criando um novo artigo: Testar mensagem de erro caso não tenha preenchido Titulo do artigo.",
              "timedOut": null,
              "duration": 3505,
              "state": "passed",
              "speed": "slow",
              "pass": true,
              "fail": false,
              "pending": false,
              "context": null,
              "code": "cy.get(_elements.default.MENU_ARTICLE.inputDescription).type('Somente descrição do Artigo');\ncy.get(_elements.default.MENU_ARTICLE.inputBody).type('Este artigo esta em Titulo para testar msg de erro');\ncy.get(_elements.default.MENU_ARTICLE.inputTag).type('#ArtigoSemTitulo');\n_editor.default.submeterArtigo();\ncy.get('li[class=\"ng-binding ng-scope\"]').contains(\"title can't be blank\");",
              "err": {},
              "uuid": "71ea37c2-ca17-4c8b-a34c-b81bd9f33738",
              "parentUUID": "732aacd5-80b0-4ef7-8b7d-8215531ca4ab",
              "isHook": false,
              "skipped": false
            },
            {
              "title": "Criando um novo artigo: Testar mensagem de erro caso não tenha preenchido Descrição do artigo.",
              "fullTitle": "Testando funcionalidades de registro de artigos Criando um novo artigo: Testar mensagem de erro caso não tenha preenchido Descrição do artigo.",
              "timedOut": null,
              "duration": 3038,
              "state": "passed",
              "speed": "slow",
              "pass": true,
              "fail": false,
              "pending": false,
              "context": null,
              "code": "cy.get(_elements.default.MENU_ARTICLE.inputTitle).type('Somente titulo do artigo');\ncy.get(_elements.default.MENU_ARTICLE.inputBody).type('Este artigo esta em Descrição para testar msg de erro');\ncy.get(_elements.default.MENU_ARTICLE.inputTag).type('#ArtigoSemTitulo');\n_editor.default.submeterArtigo();\ncy.get('li[class=\"ng-binding ng-scope\"]').contains(\"description can't be blank\");",
              "err": {},
              "uuid": "76b2a721-b679-492c-a1c1-c9ebd589c975",
              "parentUUID": "732aacd5-80b0-4ef7-8b7d-8215531ca4ab",
              "isHook": false,
              "skipped": false
            },
            {
              "title": "Criando um novo artigo: Testar mensagem de erro caso não tenha preenchido o corpo do artigo.",
              "fullTitle": "Testando funcionalidades de registro de artigos Criando um novo artigo: Testar mensagem de erro caso não tenha preenchido o corpo do artigo.",
              "timedOut": null,
              "duration": 2921,
              "state": "passed",
              "speed": "slow",
              "pass": true,
              "fail": false,
              "pending": false,
              "context": null,
              "code": "cy.get(_elements.default.MENU_ARTICLE.inputTitle).type('Somente titulo do artigo');\ncy.get(_elements.default.MENU_ARTICLE.inputDescription).type('Somente descrição do Artigo');\ncy.get(_elements.default.MENU_ARTICLE.inputTag).type('#ArtigoSemBody');\n_editor.default.submeterArtigo();\ncy.get('li[class=\"ng-binding ng-scope\"]').contains(\"body can't be blank\");",
              "err": {},
              "uuid": "ed05b553-9a63-42fd-87c9-f29b5636a230",
              "parentUUID": "732aacd5-80b0-4ef7-8b7d-8215531ca4ab",
              "isHook": false,
              "skipped": false
            },
            {
              "title": "Criando um novo artigo: Testando ação de editar artigo após criar.",
              "fullTitle": "Testando funcionalidades de registro de artigos Criando um novo artigo: Testando ação de editar artigo após criar.",
              "timedOut": null,
              "duration": 7916,
              "state": "passed",
              "speed": "slow",
              "pass": true,
              "fail": false,
              "pending": false,
              "context": null,
              "code": "_editor.default.verificarUsuario();\n_editor.default.criandoNovoArtigo();\n_editor.default.buttonEditarArtigo();\n_editor.default.criandoNovoArtigoEditado();",
              "err": {},
              "uuid": "fa2e73c2-525d-47d4-abc2-99b7ed4f01fa",
              "parentUUID": "732aacd5-80b0-4ef7-8b7d-8215531ca4ab",
              "isHook": false,
              "skipped": false
            }
          ],
          "suites": [],
          "passes": [
            "1aa69b3b-74a0-4a4c-a52a-06e33275a917",
            "e7103289-32c6-473d-aca8-39be1d9ccc09",
            "71ea37c2-ca17-4c8b-a34c-b81bd9f33738",
            "76b2a721-b679-492c-a1c1-c9ebd589c975",
            "ed05b553-9a63-42fd-87c9-f29b5636a230",
            "fa2e73c2-525d-47d4-abc2-99b7ed4f01fa"
          ],
          "failures": [],
          "pending": [],
          "skipped": [],
          "duration": 26021,
          "root": false,
          "rootEmpty": false,
          "_timeout": 2000
        },
        {
          "uuid": "01e4e40a-d226-4507-9a15-669f35408f2d",
          "title": "Testando a pagina GlobalFeed, curtir e deletar artigos.",
          "fullFile": "",
          "file": "",
          "beforeHooks": [],
          "afterHooks": [],
          "tests": [
            {
              "title": "Testando a função curtir artigo: Criar 10 Artigos novos para o teste",
              "fullTitle": "Testando a pagina GlobalFeed, curtir e deletar artigos. Testando a função curtir artigo: Criar 10 Artigos novos para o teste",
              "timedOut": null,
              "duration": 47600,
              "state": "passed",
              "speed": "slow",
              "pass": true,
              "fail": false,
              "pending": false,
              "context": null,
              "code": "_editor.default.loopCriacaoDeArtigos(10);",
              "err": {},
              "uuid": "b0511cfc-82bd-4dc4-82cc-eba7feed4d02",
              "parentUUID": "01e4e40a-d226-4507-9a15-669f35408f2d",
              "isHook": false,
              "skipped": false
            },
            {
              "title": "Testando a função curtir artigo: Deve curtir todos os posts verificando todas as paginas de artigos.",
              "fullTitle": "Testando a pagina GlobalFeed, curtir e deletar artigos. Testando a função curtir artigo: Deve curtir todos os posts verificando todas as paginas de artigos.",
              "timedOut": null,
              "duration": 345894,
              "state": "passed",
              "speed": "slow",
              "pass": true,
              "fail": false,
              "pending": false,
              "context": null,
              "code": "/* Aplicando like em todos os artigos */\n_paginaArtigos.default.acessarPaginasDeArtigos(_elements.default.MENU_ARTICLE.cliqueLike);",
              "err": {},
              "uuid": "9d16b511-8c28-4fa0-966c-efb338426059",
              "parentUUID": "01e4e40a-d226-4507-9a15-669f35408f2d",
              "isHook": false,
              "skipped": false
            },
            {
              "title": "Testando a função curtir artigo: Deve retirar o like de todos os posts verificando todas as paginas de artigos.",
              "fullTitle": "Testando a pagina GlobalFeed, curtir e deletar artigos. Testando a função curtir artigo: Deve retirar o like de todos os posts verificando todas as paginas de artigos.",
              "timedOut": null,
              "duration": 624888,
              "state": "passed",
              "speed": "slow",
              "pass": true,
              "fail": false,
              "pending": false,
              "context": null,
              "code": "/* Aplicando DesLike em todos os artigos */\n_paginaArtigos.default.acessarPaginasDeArtigos(_elements.default.MENU_ARTICLE.cliqueDeslike);",
              "err": {},
              "uuid": "76cfb7ce-e09f-40b0-a038-e714ca63e7eb",
              "parentUUID": "01e4e40a-d226-4507-9a15-669f35408f2d",
              "isHook": false,
              "skipped": false
            },
            {
              "title": "Deletar todos os artigos criados para o teste",
              "fullTitle": "Testando a pagina GlobalFeed, curtir e deletar artigos. Deletar todos os artigos criados para o teste",
              "timedOut": null,
              "duration": 8281,
              "state": "failed",
              "speed": null,
              "pass": false,
              "fail": true,
              "pending": false,
              "context": null,
              "code": "_editor.default.deletarTodosOsArtigos();",
              "err": {
                "message": "AssertionError: Timed out retrying after 4000ms: Expected to find content: 'Criando Artigo: Curtir 313648' within the element: [ <h1.ng-binding>, 9 more... ] but never did.",
                "estack": "AssertionError: Timed out retrying after 4000ms: Expected to find content: 'Criando Artigo: Curtir 313648' within the element: [ <h1.ng-binding>, 9 more... ] but never did.\n    at Context.eval (http://demo.realworld.io/__cypress/tests?p=cypress/testsChapterV/Desafio-opcional-funcionalidades.spec.js:343:63)",
                "diff": null
              },
              "uuid": "2ba6b733-40bd-4a69-9ab2-df1fd5b9cf91",
              "parentUUID": "01e4e40a-d226-4507-9a15-669f35408f2d",
              "isHook": false,
              "skipped": false
            }
          ],
          "suites": [],
          "passes": [
            "b0511cfc-82bd-4dc4-82cc-eba7feed4d02",
            "9d16b511-8c28-4fa0-966c-efb338426059",
            "76cfb7ce-e09f-40b0-a038-e714ca63e7eb"
          ],
          "failures": [
            "2ba6b733-40bd-4a69-9ab2-df1fd5b9cf91"
          ],
          "pending": [],
          "skipped": [],
          "duration": 1026663,
          "root": false,
          "rootEmpty": false,
          "_timeout": 2000
        }
      ],
      "passes": [],
      "failures": [],
      "pending": [],
      "skipped": [],
      "duration": 0,
      "root": true,
      "rootEmpty": true,
      "_timeout": 2000
    }
  ],
  "meta": {
    "mocha": {
      "version": "7.0.1"
    },
    "mochawesome": {
      "options": {
        "quiet": true,
        "reportFilename": "mochawesome",
        "saveHtml": false,
        "saveJson": true,
        "consoleReporter": "spec",
        "useInlineDiffs": false,
        "code": true
      },
      "version": "6.3.1"
    },
    "marge": {
      "options": {
        "id": "default",
        "reportDir": "mochawesome-report",
        "quiet": true,
        "overwrite": false,
        "html": false,
        "json": true
      },
      "version": "5.2.0"
    }
  }
}