{
  "stats": {
    "suites": 1,
    "tests": 1,
    "passes": 0,
    "pending": 0,
    "failures": 1,
    "start": "2021-10-25T17:30:09.873Z",
    "end": "2021-10-25T17:30:11.407Z",
    "duration": 1534,
    "testsRegistered": 1,
    "passPercent": 0,
    "pendingPercent": 0,
    "other": 0,
    "hasOther": false,
    "skipped": 0,
    "hasSkipped": false
  },
  "results": [
    {
      "uuid": "db892582-de8e-490a-8f27-94c1a458a372",
      "title": "",
      "fullFile": "cypress/testsChapterV/Opcional-funcionalidades.js",
      "file": "cypress/testsChapterV/Opcional-funcionalidades.js",
      "beforeHooks": [],
      "afterHooks": [],
      "tests": [],
      "suites": [
        {
          "uuid": "5125589f-bb2f-447d-943d-da1f28432e0d",
          "title": "Testando a pagina GlobalFeed",
          "fullFile": "",
          "file": "",
          "beforeHooks": [],
          "afterHooks": [],
          "tests": [
            {
              "title": "Testando a função curtir artigo: Deve curtir todos os posts verificando todas as paginas de artigos.",
              "fullTitle": "Testando a pagina GlobalFeed Testando a função curtir artigo: Deve curtir todos os posts verificando todas as paginas de artigos.",
              "timedOut": null,
              "duration": 1463,
              "state": "failed",
              "speed": null,
              "pass": false,
              "fail": true,
              "pending": false,
              "context": null,
              "code": "/* Acessando Feed */\ncy.get('div.feed-toggle').contains('Global Feed').click();\n_paginaArtigos.default.ArticleLike();",
              "err": {
                "message": "TypeError: _paginaArtigos.default.ArticleLike is not a function",
                "estack": "TypeError: _paginaArtigos.default.ArticleLike is not a function\n    at Context.eval (http://demo.realworld.io/__cypress/tests?p=cypress/testsChapterV/Opcional-funcionalidades.js:628:28)",
                "diff": null
              },
              "uuid": "d5ee749d-3420-4169-987f-d5905886e650",
              "parentUUID": "5125589f-bb2f-447d-943d-da1f28432e0d",
              "isHook": false,
              "skipped": false
            }
          ],
          "suites": [],
          "passes": [],
          "failures": [
            "d5ee749d-3420-4169-987f-d5905886e650"
          ],
          "pending": [],
          "skipped": [],
          "duration": 1463,
          "root": false,
          "rootEmpty": false,
          "_timeout": 2000
        }
      ],
      "passes": [],
      "failures": [],
      "pending": [],
      "skipped": [],
      "duration": 0,
      "root": true,
      "rootEmpty": true,
      "_timeout": 2000
    }
  ],
  "meta": {
    "mocha": {
      "version": "7.0.1"
    },
    "mochawesome": {
      "options": {
        "quiet": true,
        "reportFilename": "mochawesome",
        "saveHtml": false,
        "saveJson": true,
        "consoleReporter": "spec",
        "useInlineDiffs": false,
        "code": true
      },
      "version": "6.3.1"
    },
    "marge": {
      "options": {
        "id": "default",
        "reportDir": "mochawesome-report",
        "quiet": true,
        "overwrite": false,
        "html": false,
        "json": true
      },
      "version": "5.2.0"
    }
  }
}